<?xml version="1.0" encoding="UTF-8"?>
<!-- Generated by org.testng.reporters.JUnitReportReporter -->
<testsuite hostname="DESKTOP-4K8BJUH" failures="0" tests="8" name="javabasicprograms.Factorial" time="0.011" errors="0" timestamp="2024-07-23T11:36:26 IST" skipped="6">
  <testcase classname="javabasicprograms.Factorial" name="stringCount" time="0.001"/>
  <system-out/>
  <testcase classname="javabasicprograms.Factorial" name="arm" time="0.010"/>
  <system-out/>
  <testcase classname="javabasicprograms.Factorial" name="factorial1">
    <skipped/>
  </testcase> <!-- factorial1 -->
  <system-out/>
  <testcase classname="javabasicprograms.Factorial" name="factorial">
    <skipped/>
  </testcase> <!-- factorial -->
  <system-out/>
  <testcase classname="javabasicprograms.Factorial" name="sumofdigits">
    <skipped/>
  </testcase> <!-- sumofdigits -->
  <system-out/>
  <testcase classname="javabasicprograms.Factorial" name="armstrong">
    <skipped/>
  </testcase> <!-- armstrong -->
  <system-out/>
  <testcase classname="javabasicprograms.Factorial" name="digitCount">
    <skipped/>
  </testcase> <!-- digitCount -->
  <system-out/>
  <testcase classname="javabasicprograms.Factorial" name="neonnumber">
    <skipped/>
  </testcase> <!-- neonnumber -->
  <system-out/>
</testsuite> <!-- javabasicprograms.Factorial -->
