<?xml version="1.0" encoding="UTF-8"?>
<!-- Generated by org.testng.reporters.JUnitReportReporter -->
<testsuite hostname="DESKTOP-4K8BJUH" failures="0" tests="2" name="test.ChildClass" time="0.010" errors="0" timestamp="2024-10-11T12:48:30 IST" skipped="0">
  <testcase classname="test.ChildClass" name="run" time="0.004"/>
  <system-out/>
  <testcase classname="test.ChildClass" name="calculate" time="0.006"/>
  <system-out/>
</testsuite> <!-- test.ChildClass -->
