<?xml version="1.0" encoding="UTF-8"?>
<!-- Generated by org.testng.reporters.JUnitReportReporter -->
<testsuite hostname="DESKTOP-4K8BJUH" failures="0" tests="1" name="test.test1$test2" time="0.012" errors="0" timestamp="2024-10-11T12:48:30 IST" skipped="0">
  <testcase classname="test.test1$test2" name="demo4" time="0.012"/>
  <system-out/>
</testsuite> <!-- test.test1$test2 -->
