<?xml version="1.0" encoding="UTF-8"?>
<!-- Generated by org.testng.reporters.JUnitReportReporter -->
<testsuite hostname="DESKTOP-4K8BJUH" failures="0" tests="3" name="programs.Program1" time="0.015" errors="0" timestamp="2024-10-07T19:16:21 IST" skipped="2">
  <testcase classname="programs.Program1" name="StringCount" time="0.015"/>
  <system-out/>
  <testcase classname="programs.Program1" name="StringReverseSentence">
    <skipped/>
  </testcase> <!-- StringReverseSentence -->
  <system-out/>
  <testcase classname="programs.Program1" name="StringReverseWord">
    <skipped/>
  </testcase> <!-- StringReverseWord -->
  <system-out/>
</testsuite> <!-- programs.Program1 -->
