<?xml version="1.0" encoding="UTF-8"?>
<!-- Generated by org.testng.reporters.JUnitReportReporter -->
<testsuite hostname="DESKTOP-4K8BJUH" failures="0" tests="4" name="test.test1" time="0.007" errors="0" timestamp="2024-10-11T12:48:30 IST" skipped="0">
  <testcase classname="test.test1" name="demo5" time="0.000"/>
  <system-out/>
  <testcase classname="test.test1" name="demo5" time="0.002"/>
  <system-out/>
  <testcase classname="test.test1" name="demo3" time="0.001"/>
  <system-out/>
  <testcase classname="test.test1" name="demo5" time="0.004"/>
  <system-out/>
</testsuite> <!-- test.test1 -->
