<?xml version="1.0" encoding="UTF-8"?>
<!-- Generated by org.testng.reporters.JUnitReportReporter -->
<testsuite hostname="DESKTOP-4K8BJUH" failures="0" tests="3" name="Dailypractise.Program1" time="0.013" errors="0" timestamp="2024-10-03T10:22:45 IST" skipped="2">
  <testcase classname="Dailypractise.Program1" name="StringWordRepeatCount" time="0.013"/>
  <system-out/>
  <testcase classname="Dailypractise.Program1" name="StringReverseWord">
    <skipped/>
  </testcase> <!-- StringReverseWord -->
  <system-out/>
  <testcase classname="Dailypractise.Program1" name="StringReverseSentence">
    <skipped/>
  </testcase> <!-- StringReverseSentence -->
  <system-out/>
</testsuite> <!-- Dailypractise.Program1 -->
