<?xml version="1.0" encoding="UTF-8"?>
<!-- Generated by org.testng.reporters.JUnitReportReporter -->
<testsuite hostname="DESKTOP-4K8BJUH" failures="0" tests="2" name="RestAssuredPackage.learning1" time="3.040" errors="0" timestamp="2024-10-19T23:54:19 IST" skipped="1">
  <testcase classname="RestAssuredPackage.learning1" name="postUserRegister" time="3.040"/>
  <system-out/>
  <testcase classname="RestAssuredPackage.learning1" name="getBookDetails">
    <skipped/>
  </testcase> <!-- getBookDetails -->
  <system-out/>
</testsuite> <!-- RestAssuredPackage.learning1 -->
