<?xml version="1.0" encoding="UTF-8"?>
<!-- Generated by org.testng.reporters.JUnitReportReporter -->
<testsuite hostname="DESKTOP-4K8BJUH" failures="0" tests="15" name="InterviewQuestions.practise" time="0.028" errors="0" timestamp="2024-09-25T15:41:50 IST" skipped="13">
  <testcase classname="InterviewQuestions.practise" name="arrayString" time="0.002"/>
  <system-out/>
  <testcase classname="InterviewQuestions.practise" name="Stringcounts" time="0.026"/>
  <system-out/>
  <testcase classname="InterviewQuestions.practise" name="arrayExplore1">
    <skipped/>
  </testcase> <!-- arrayExplore1 -->
  <system-out/>
  <testcase classname="InterviewQuestions.practise" name="array">
    <skipped/>
  </testcase> <!-- array -->
  <system-out/>
  <testcase classname="InterviewQuestions.practise" name="printDuplicatecharacterinString">
    <skipped/>
  </testcase> <!-- printDuplicatecharacterinString -->
  <system-out/>
  <testcase classname="InterviewQuestions.practise" name="arrayExplore">
    <skipped/>
  </testcase> <!-- arrayExplore -->
  <system-out/>
  <testcase classname="InterviewQuestions.practise" name="reversewordString">
    <skipped/>
  </testcase> <!-- reversewordString -->
  <system-out/>
  <testcase classname="InterviewQuestions.practise" name="duplicateElementinList">
    <skipped/>
  </testcase> <!-- duplicateElementinList -->
  <system-out/>
  <testcase classname="InterviewQuestions.practise" name="arrayString3">
    <skipped/>
  </testcase> <!-- arrayString3 -->
  <system-out/>
  <testcase classname="InterviewQuestions.practise" name="arrayString2">
    <skipped/>
  </testcase> <!-- arrayString2 -->
  <system-out/>
  <testcase classname="InterviewQuestions.practise" name="reverse">
    <skipped/>
  </testcase> <!-- reverse -->
  <system-out/>
  <testcase classname="InterviewQuestions.practise" name="splitString">
    <skipped/>
  </testcase> <!-- splitString -->
  <system-out/>
  <testcase classname="InterviewQuestions.practise" name="maxminString">
    <skipped/>
  </testcase> <!-- maxminString -->
  <system-out/>
  <testcase classname="InterviewQuestions.practise" name="maxmin">
    <skipped/>
  </testcase> <!-- maxmin -->
  <system-out/>
  <testcase classname="InterviewQuestions.practise" name="emailChecking">
    <skipped/>
  </testcase> <!-- emailChecking -->
  <system-out/>
</testsuite> <!-- InterviewQuestions.practise -->
