<?xml version="1.0" encoding="UTF-8"?>
<!-- Generated by org.testng.reporters.JUnitReportReporter -->
<testsuite hostname="DESKTOP-4K8BJUH" failures="0" tests="2" name="javabasicprograms.sample" time="0.007" errors="0" timestamp="2024-10-11T12:48:30 IST" skipped="0">
  <testcase classname="javabasicprograms.sample" name="emailValidation" time="0.004"/>
  <system-out/>
  <testcase classname="javabasicprograms.sample" name="splitFromEmail" time="0.003"/>
  <system-out/>
</testsuite> <!-- javabasicprograms.sample -->
