<?xml version="1.0" encoding="UTF-8"?>
<!-- Generated by org.testng.reporters.JUnitReportReporter -->
<testsuite hostname="DESKTOP-4K8BJUH" failures="0" tests="1" name="test.FailedTestCases" time="0.232" errors="0" timestamp="2024-09-24T11:06:47 IST" skipped="0">
  <testcase classname="test.FailedTestCases" name="executeFailTestCase" time="0.232"/>
  <system-out/>
</testsuite> <!-- test.FailedTestCases -->
