<?xml version="1.0" encoding="UTF-8"?>
<!-- Generated by org.testng.reporters.JUnitReportReporter -->
<testsuite hostname="DESKTOP-4K8BJUH" failures="0" tests="4" name="excerise.PractiseClassSession" time="0.014" errors="0" timestamp="2024-10-16T09:31:55 IST" skipped="2">
  <testcase classname="excerise.PractiseClassSession" name="String" time="0.010"/>
  <system-out/>
  <testcase classname="excerise.PractiseClassSession" name="test2" time="0.004"/>
  <system-out/>
  <testcase classname="excerise.PractiseClassSession" name="reverseString">
    <skipped/>
  </testcase> <!-- reverseString -->
  <system-out/>
  <testcase classname="excerise.PractiseClassSession" name="numberArrange">
    <skipped/>
  </testcase> <!-- numberArrange -->
  <system-out/>
</testsuite> <!-- excerise.PractiseClassSession -->
