<?xml version="1.0" encoding="UTF-8"?>
<!-- Generated by org.testng.reporters.JUnitReportReporter -->
<testsuite hostname="DESKTOP-4K8BJUH" failures="0" tests="3" name="javabasicprograms.oddeven" time="0.007" errors="0" timestamp="2024-10-11T12:48:30 IST" skipped="0">
  <testcase classname="javabasicprograms.oddeven" name="leapyear" time="0.003"/>
  <system-out/>
  <testcase classname="javabasicprograms.oddeven" name="oddeven1" time="0.002"/>
  <system-out/>
  <testcase classname="javabasicprograms.oddeven" name="multiply" time="0.002"/>
  <system-out/>
</testsuite> <!-- javabasicprograms.oddeven -->
